=== Sat Oct 18 21:12:28 UTC 2025 Checking cratejuice/content/data/urls.txt ===
No URLs found. Add links to cratejuice/content/data/urls.txt (one per line).
💤 Sleeping 10 minutes...
=== Sat Oct 18 21:19:51 UTC 2025 Checking cratejuice/content/data/urls.txt ===
No URLs found. Add links to cratejuice/content/data/urls.txt (one per line).
💤 Sleeping 10 minutes...
=== Sat Oct 18 21:22:28 UTC 2025 Checking cratejuice/content/data/urls.txt ===
No URLs found. Add links to cratejuice/content/data/urls.txt (one per line).
💤 Sleeping 10 minutes...
=== Sat Oct 18 21:29:51 UTC 2025 Checking cratejuice/content/data/urls.txt ===
🧹 Cleared cratejuice/content/data/urls.txt after ripping.
💤 Sleeping 10 minutes...
=== Sat Oct 18 21:32:28 UTC 2025 Checking cratejuice/content/data/urls.txt ===
No URLs found. Add links to cratejuice/content/data/urls.txt (one per line).
💤 Sleeping 10 minutes...
=== Sat Oct 18 21:39:52 UTC 2025 Checking cratejuice/content/data/urls.txt ===
[youtube] Extracting URL: https://youtube.com/watch?v=dQw4w9WgXcQ
[youtube] dQw4w9WgXcQ: Downloading webpage
[youtube] dQw4w9WgXcQ: Downloading tv client config
[youtube] dQw4w9WgXcQ: Downloading tv player API JSON
[youtube] dQw4w9WgXcQ: Downloading web safari player API JSON
[youtube] dQw4w9WgXcQ: Downloading player 0004de42-main
[youtube] dQw4w9WgXcQ: Downloading m3u8 information
[info] dQw4w9WgXcQ: Downloading 1 format(s): 251
[download] Sleeping 1.00 seconds as required by the site...
[download] Destination: cratejuice/offgrid-crates/Rick Astley - Never Gonna Give You Up (Official Video) (4K Remaster).webm
[download]   0.0% of    3.27MiB at  Unknown B/s ETA Unknown[download]   0.1% of    3.27MiB at    2.79MiB/s ETA 00:01  [download]   0.2% of    3.27MiB at    4.33MiB/s ETA 00:00[download]   0.4% of    3.27MiB at    6.64MiB/s ETA 00:00[download]   0.9% of    3.27MiB at   10.89MiB/s ETA 00:00[download]   1.9% of    3.27MiB at   15.14MiB/s ETA 00:00[download]   3.8% of    3.27MiB at   23.17MiB/s ETA 00:00[download]   7.6% of    3.27MiB at   37.27MiB/s ETA 00:00[download]  15.2% of    3.27MiB at   55.08MiB/s ETA 00:00[download]  30.5% of    3.27MiB at   85.64MiB/s ETA 00:00[download]  61.0% of    3.27MiB at  127.86MiB/s ETA 00:00[download] 100.0% of    3.27MiB at  171.49MiB/s ETA 00:00[download] 100% of    3.27MiB in 00:00:00 at 25.53MiB/s  
🧹 Cleared cratejuice/content/data/urls.txt after ripping.
💤 Sleeping 10 minutes...
=== Sat Oct 18 21:42:28 UTC 2025 Checking cratejuice/content/data/urls.txt ===
No URLs found. Add links to cratejuice/content/data/urls.txt (one per line).
💤 Sleeping 10 minutes...
=== Sat Oct 18 21:50:00 UTC 2025 Checking cratejuice/content/data/urls.txt ===
[youtube:truncated_id] Extracting URL: https://youtube.com/watch?v=test123
🧹 Cleared cratejuice/content/data/urls.txt after ripping.
💤 Sleeping 10 minutes...
=== Sat Oct 18 21:52:28 UTC 2025 Checking cratejuice/content/data/urls.txt ===
[youtube:truncated_id] Extracting URL: https://youtube.com/watch?v=XXXX
🧹 Cleared cratejuice/content/data/urls.txt after ripping.
💤 Sleeping 10 minutes...
=== Sat Oct 18 22:00:01 UTC 2025 Checking cratejuice/content/data/urls.txt ===
No URLs found. Add links to cratejuice/content/data/urls.txt (one per line).
💤 Sleeping 10 minutes...
=== Sat Oct 18 22:02:29 UTC 2025 Checking cratejuice/content/data/urls.txt ===
No URLs found. Add links to cratejuice/content/data/urls.txt (one per line).
💤 Sleeping 10 minutes...
=== Sat Oct 18 22:10:01 UTC 2025 Checking cratejuice/content/data/urls.txt ===
No URLs found. Add links to cratejuice/content/data/urls.txt (one per line).
💤 Sleeping 10 minutes...
=== Sat Oct 18 22:12:29 UTC 2025 Checking cratejuice/content/data/urls.txt ===
No URLs found. Add links to cratejuice/content/data/urls.txt (one per line).
💤 Sleeping 10 minutes...
=== Sat Oct 18 22:20:01 UTC 2025 Checking cratejuice/content/data/urls.txt ===
No URLs found. Add links to cratejuice/content/data/urls.txt (one per line).
💤 Sleeping 10 minutes...
=== Sat Oct 18 22:22:29 UTC 2025 Checking cratejuice/content/data/urls.txt ===
No URLs found. Add links to cratejuice/content/data/urls.txt (one per line).
💤 Sleeping 10 minutes...
=== Sat Oct 18 22:30:01 UTC 2025 Checking cratejuice/content/data/urls.txt ===
No URLs found. Add links to cratejuice/content/data/urls.txt (one per line).
💤 Sleeping 10 minutes...
=== Sat Oct 18 22:32:29 UTC 2025 Checking cratejuice/content/data/urls.txt ===
No URLs found. Add links to cratejuice/content/data/urls.txt (one per line).
💤 Sleeping 10 minutes...
=== Sat Oct 18 22:40:01 UTC 2025 Checking cratejuice/content/data/urls.txt ===
No URLs found. Add links to cratejuice/content/data/urls.txt (one per line).
💤 Sleeping 10 minutes...
=== Sat Oct 18 22:42:29 UTC 2025 Checking cratejuice/content/data/urls.txt ===
No URLs found. Add links to cratejuice/content/data/urls.txt (one per line).
💤 Sleeping 10 minutes...
